{"ts": "2026-05-25T18:07:08.222479+00:00", "level": "INFO", "logger": "self_healing", "message": "Parsing failure logs", "event": "decision", "node": "parse_logs", "data": {}}
{"ts": "2026-05-25T18:07:08.222718+00:00", "level": "DEBUG", "logger": "self_healing", "message": "parse_failure_logs invoked", "event": "parse_start", "data": {"bytes": 164}}
{"ts": "2026-05-25T18:07:08.222819+00:00", "level": "INFO", "logger": "self_healing", "message": "Parsed failure", "event": "parse_match", "data": {"error_type": "ZeroDivisionError", "file": "src/calc.py", "line": 17}}
{"ts": "2026-05-25T18:07:08.223396+00:00", "level": "INFO", "logger": "self_healing", "message": "Running diagnostic agent", "event": "decision", "node": "diagnose", "data": {}}
{"ts": "2026-05-25T18:07:08.227423+00:00", "level": "INFO", "logger": "self_healing", "message": "Confidence 0.94 vs threshold 0.80 \u2192 PROPOSE_FIX", "event": "decision", "node": "gate", "data": {"confidence": 0.94, "decision": "PROPOSE_FIX"}}
{"ts": "2026-05-25T18:07:08.227821+00:00", "level": "INFO", "logger": "self_healing", "message": "Running fixer agent", "event": "decision", "node": "propose_fix", "data": {}}
{"ts": "2026-05-25T18:07:08.235803+00:00", "level": "INFO", "logger": "self_healing", "message": "Parsing failure logs", "event": "decision", "node": "parse_logs", "data": {}}
{"ts": "2026-05-25T18:07:08.235908+00:00", "level": "DEBUG", "logger": "self_healing", "message": "parse_failure_logs invoked", "event": "parse_start", "data": {"bytes": 164}}
{"ts": "2026-05-25T18:07:08.236031+00:00", "level": "INFO", "logger": "self_healing", "message": "Parsed failure", "event": "parse_match", "data": {"error_type": "ZeroDivisionError", "file": "src/calc.py", "line": 17}}
{"ts": "2026-05-25T18:07:08.236556+00:00", "level": "INFO", "logger": "self_healing", "message": "Running diagnostic agent", "event": "decision", "node": "diagnose", "data": {}}
{"ts": "2026-05-25T18:07:08.237753+00:00", "level": "INFO", "logger": "self_healing", "message": "Confidence 0.55 vs threshold 0.80 \u2192 DIAGNOSTIC_REPORT_ONLY", "event": "decision", "node": "gate", "data": {"confidence": 0.55, "decision": "DIAGNOSTIC_REPORT_ONLY"}}
{"ts": "2026-05-25T18:07:08.243913+00:00", "level": "INFO", "logger": "self_healing", "message": "Parsing failure logs", "event": "decision", "node": "parse_logs", "data": {}}
{"ts": "2026-05-25T18:07:08.244012+00:00", "level": "DEBUG", "logger": "self_healing", "message": "parse_failure_logs invoked", "event": "parse_start", "data": {"bytes": 40}}
{"ts": "2026-05-25T18:07:08.244055+00:00", "level": "WARNING", "logger": "self_healing", "message": "No specific pattern matched \u2014 returning best-effort context", "event": "parse_fallback"}
{"ts": "2026-05-25T18:07:08.244510+00:00", "level": "INFO", "logger": "self_healing", "message": "Running diagnostic agent", "event": "decision", "node": "diagnose", "data": {}}
{"ts": "2026-05-25T18:07:08.245420+00:00", "level": "INFO", "logger": "self_healing", "message": "Confidence 0.40 vs threshold 0.80 \u2192 DIAGNOSTIC_REPORT_ONLY", "event": "decision", "node": "gate", "data": {"confidence": 0.4, "decision": "DIAGNOSTIC_REPORT_ONLY"}}
{"ts": "2026-05-25T18:07:08.251701+00:00", "level": "INFO", "logger": "self_healing", "message": "Parsing failure logs", "event": "decision", "node": "parse_logs", "data": {}}
{"ts": "2026-05-25T18:07:08.251800+00:00", "level": "DEBUG", "logger": "self_healing", "message": "parse_failure_logs invoked", "event": "parse_start", "data": {"bytes": 164}}
{"ts": "2026-05-25T18:07:08.251856+00:00", "level": "INFO", "logger": "self_healing", "message": "Parsed failure", "event": "parse_match", "data": {"error_type": "ZeroDivisionError", "file": "src/calc.py", "line": 17}}
{"ts": "2026-05-25T18:07:08.252304+00:00", "level": "INFO", "logger": "self_healing", "message": "Running diagnostic agent", "event": "decision", "node": "diagnose", "data": {}}
{"ts": "2026-05-25T18:07:08.255076+00:00", "level": "INFO", "logger": "self_healing", "message": "Confidence 0.79 vs threshold 0.80 \u2192 DIAGNOSTIC_REPORT_ONLY", "event": "decision", "node": "gate", "data": {"confidence": 0.79, "decision": "DIAGNOSTIC_REPORT_ONLY"}}
{"ts": "2026-05-25T18:07:08.261587+00:00", "level": "INFO", "logger": "self_healing", "message": "Parsing failure logs", "event": "decision", "node": "parse_logs", "data": {}}
{"ts": "2026-05-25T18:07:08.261693+00:00", "level": "DEBUG", "logger": "self_healing", "message": "parse_failure_logs invoked", "event": "parse_start", "data": {"bytes": 164}}
{"ts": "2026-05-25T18:07:08.261749+00:00", "level": "INFO", "logger": "self_healing", "message": "Parsed failure", "event": "parse_match", "data": {"error_type": "ZeroDivisionError", "file": "src/calc.py", "line": 17}}
{"ts": "2026-05-25T18:07:08.262194+00:00", "level": "INFO", "logger": "self_healing", "message": "Running diagnostic agent", "event": "decision", "node": "diagnose", "data": {}}
{"ts": "2026-05-25T18:07:08.263103+00:00", "level": "INFO", "logger": "self_healing", "message": "Confidence 0.80 vs threshold 0.80 \u2192 PROPOSE_FIX", "event": "decision", "node": "gate", "data": {"confidence": 0.8, "decision": "PROPOSE_FIX"}}
{"ts": "2026-05-25T18:07:08.263451+00:00", "level": "INFO", "logger": "self_healing", "message": "Running fixer agent", "event": "decision", "node": "propose_fix", "data": {}}
{"ts": "2026-05-25T18:07:08.301041+00:00", "level": "INFO", "logger": "self_healing", "message": "Parsing failure logs", "event": "decision", "node": "parse_logs", "data": {}}
{"ts": "2026-05-25T18:07:08.301208+00:00", "level": "DEBUG", "logger": "self_healing", "message": "parse_failure_logs invoked", "event": "parse_start", "data": {"bytes": 164}}
{"ts": "2026-05-25T18:07:08.301289+00:00", "level": "INFO", "logger": "self_healing", "message": "Parsed failure", "event": "parse_match", "data": {"error_type": "ZeroDivisionError", "file": "src/calc.py", "line": 17}}
{"ts": "2026-05-25T18:07:08.301798+00:00", "level": "INFO", "logger": "self_healing", "message": "Running diagnostic agent", "event": "decision", "node": "diagnose", "data": {}}
{"ts": "2026-05-25T18:07:08.302776+00:00", "level": "INFO", "logger": "self_healing", "message": "Confidence 0.81 vs threshold 0.80 \u2192 PROPOSE_FIX", "event": "decision", "node": "gate", "data": {"confidence": 0.81, "decision": "PROPOSE_FIX"}}
{"ts": "2026-05-25T18:07:08.303133+00:00", "level": "INFO", "logger": "self_healing", "message": "Running fixer agent", "event": "decision", "node": "propose_fix", "data": {}}
{"ts": "2026-05-25T18:07:08.305188+00:00", "level": "DEBUG", "logger": "self_healing", "message": "parse_failure_logs invoked", "event": "parse_start", "data": {"bytes": 164}}
{"ts": "2026-05-25T18:07:08.305255+00:00", "level": "INFO", "logger": "self_healing", "message": "Parsed failure", "event": "parse_match", "data": {"error_type": "ZeroDivisionError", "file": "src/calc.py", "line": 17}}
{"ts": "2026-05-25T18:07:08.305802+00:00", "level": "DEBUG", "logger": "self_healing", "message": "parse_failure_logs invoked", "event": "parse_start", "data": {"bytes": 173}}
{"ts": "2026-05-25T18:07:08.305875+00:00", "level": "INFO", "logger": "self_healing", "message": "Parsed failure", "event": "parse_match", "data": {"error_type": "TestAssertion", "file": "src/login.test.js", "line": 42}}
{"ts": "2026-05-25T18:07:08.306413+00:00", "level": "DEBUG", "logger": "self_healing", "message": "parse_failure_logs invoked", "event": "parse_start", "data": {"bytes": 103}}
{"ts": "2026-05-25T18:07:08.306468+00:00", "level": "INFO", "logger": "self_healing", "message": "Parsed failure", "event": "parse_match", "data": {"error_type": "GoCompileError", "file": "foo/server.go", "line": 104}}
{"ts": "2026-05-25T18:07:08.306979+00:00", "level": "DEBUG", "logger": "self_healing", "message": "parse_failure_logs invoked", "event": "parse_start", "data": {"bytes": 54}}
{"ts": "2026-05-25T18:07:08.307030+00:00", "level": "WARNING", "logger": "self_healing", "message": "No specific pattern matched \u2014 returning best-effort context", "event": "parse_fallback"}
{"ts": "2026-05-25T18:08:27.031249+00:00", "level": "INFO", "logger": "self_healing", "message": "Self-healing pipeline starting", "event": "start", "node": "main"}
{"ts": "2026-05-25T18:08:27.032032+00:00", "level": "ERROR", "logger": "self_healing", "message": "Bootstrap failed", "exc": "Traceback (most recent call last):\n  File \"C:\\Projects26\\self-healing-cicd\\src\\main.py\", line 77, in main\n    initial_state = _read_state_from_env()\n  File \"C:\\Projects26\\self-healing-cicd\\src\\main.py\", line 33, in _read_state_from_env\n    raise RuntimeError(\n        \"WORKFLOW_RUN_ID and HEAD_SHA must be set in the environment\"\n    )\nRuntimeError: WORKFLOW_RUN_ID and HEAD_SHA must be set in the environment"}
